<?xml version="1.0" encoding="UTF-8"?>
<!-- Generated by org.testng.reporters.JUnitXMLReporter -->
<testsuite ignored="2" hostname="DESKTOP-HQOFSA1" failures="0" tests="9" name="Default test" time="0.182" errors="0" timestamp="2022-06-09T11:48:19 IST">
  <testcase classname="com.lenskart.testCases.BaseClass" name="@BeforeTest launchapp" time="-1.654755499328E9">
    <failure type="org.testng.TestNGException" message="
Parameter &amp;apos;browser&amp;apos; is required by BeforeTest on method launchapp but has not been marked @Optional or defined
in C:\Users\user\AppData\Local\Temp\testng-eclipse-122210592\testng-customsuite.xml">
      <![CDATA[org.testng.TestNGException: 
Parameter 'browser' is required by BeforeTest on method launchapp but has not been marked @Optional or defined
in C:\Users\user\AppData\Local\Temp\testng-eclipse-122210592\testng-customsuite.xml
at org.testng.internal.Parameters.createParams(Parameters.java:270)
at org.testng.internal.Parameters.createParametersForMethod(Parameters.java:358)
at org.testng.internal.Parameters.createParameters(Parameters.java:700)
at org.testng.internal.Parameters.createConfigurationParameters(Parameters.java:168)
at org.testng.internal.ConfigInvoker.invokeConfigurations(ConfigInvoker.java:302)
at org.testng.TestRunner.invokeTestConfigurations(TestRunner.java:637)
at org.testng.TestRunner.beforeRun(TestRunner.java:627)
at org.testng.TestRunner.run(TestRunner.java:589)
at org.testng.SuiteRunner.runTest(SuiteRunner.java:377)
at org.testng.SuiteRunner.runSequentially(SuiteRunner.java:371)
at org.testng.SuiteRunner.privateRun(SuiteRunner.java:332)
at org.testng.SuiteRunner.run(SuiteRunner.java:276)
at org.testng.SuiteRunnerWorker.runSuite(SuiteRunnerWorker.java:53)
at org.testng.SuiteRunnerWorker.run(SuiteRunnerWorker.java:96)
at org.testng.TestNG.runSuitesSequentially(TestNG.java:1212)
at org.testng.TestNG.runSuitesLocally(TestNG.java:1134)
at org.testng.TestNG.runSuites(TestNG.java:1063)
at org.testng.TestNG.run(TestNG.java:1031)
at org.testng.remote.AbstractRemoteTestNG.run(AbstractRemoteTestNG.java:115)
at org.testng.remote.RemoteTestNG.initAndRun(RemoteTestNG.java:251)
at org.testng.remote.RemoteTestNG.main(RemoteTestNG.java:77)
]]>
    </failure>
  </testcase> <!-- @BeforeTest launchapp -->
  <testcase classname="com.lenskart.testCases.LoginTest" name="loginTest" time="0.0">
    <skipped/>
  </testcase> <!-- loginTest -->
  <testcase classname="com.lenskart.testCases.SearchTest" name="searchTest" time="0.0">
    <skipped/>
  </testcase> <!-- searchTest -->
  <testcase classname="com.lenskart.testCases.LoginTest" name="loginTest" time="0.0">
    <skipped/>
  </testcase> <!-- loginTest -->
  <testcase classname="com.lenskart.testCases.SearchTest" name="searchTest" time="0.0">
    <skipped/>
  </testcase> <!-- searchTest -->
  <testcase classname="com.lenskart.testCases.SeCartTest" name="cartTest" time="0.0">
    <skipped/>
  </testcase> <!-- cartTest -->
  <testcase classname="com.lenskart.testCases.ShippingWithWrapTest" name="ziShipping" time="0.0">
    <skipped/>
  </testcase> <!-- ziShipping -->
  <testcase classname="com.lenskart.testCases.LoginTest" name="loginTest" time="0.0">
    <skipped/>
  </testcase> <!-- loginTest -->
  <testcase classname="com.lenskart.testCases.SearchTest" name="searchTest" time="0.0">
    <skipped/>
  </testcase> <!-- searchTest -->
  <testcase classname="com.lenskart.testCases.SeCartTest" name="cartTest" time="0.0">
    <skipped/>
  </testcase> <!-- cartTest -->
  <testcase classname="com.lenskart.testCases.BaseClass" name="@BeforeTest launchapp" time="0.0">
    <ignored/>
  </testcase> <!-- @BeforeTest launchapp -->
  <testcase classname="com.lenskart.testCases.BaseClass" name="@BeforeTest launchapp" time="0.0">
    <ignored/>
  </testcase> <!-- @BeforeTest launchapp -->
</testsuite> <!-- Default test -->
